"../../../../../ttc2021-2022/2022/UE4NetworkGameProject/Content/StarterContent/Textures/T_Brick_Clay_Beveled_D.uasset" 0
"../../../../../ttc2021-2022/2022/UE4NetworkGameProject/Content/Blueprints/AllLevels/ST_PlayerInfo.uasset" 1
"../../../../../ttc2021-2022/2022/UE4NetworkGameProject/Content/Blueprints/AllLevels/BP_PlayerSaveGame.uasset" 2
"../../../../../ttc2021-2022/2022/UE4NetworkGameProject/Content/Mannequin/Character/Mesh/SK_Mannequin_PhysicsAsset.uasset" 3
"../../../../../ttc2021-2022/2022/UE4NetworkGameProject/Content/Mannequin/Character/Textures/T_UE4Logo_N.uasset" 4
"../../../../../ttc2021-2022/2022/UE4NetworkGameProject/Content/Mannequin/Character/Textures/T_UE4Logo_Mask.uasset" 5
"../../../../../ttc2021-2022/2022/UE4NetworkGameProject/Content/Mannequin/Character/Textures/T_Male_N.uasset" 6
"../../../../../ttc2021-2022/2022/UE4NetworkGameProject/Content/Mannequin/Character/Textures/T_Male_Mask.uasset" 7
"../../../../../ttc2021-2022/2022/UE4NetworkGameProject/Content/Mannequin/Character/Materials/MaterialLayers/T_ML_Rubber_Blue_01_N.uasset" 8
"../../../../../ttc2021-2022/2022/UE4NetworkGameProject/Content/Mannequin/Character/Materials/MaterialLayers/T_ML_Rubber_Blue_01_D.uasset" 9
"../../../../../ttc2021-2022/2022/UE4NetworkGameProject/Content/Mannequin/Character/Materials/MaterialLayers/T_ML_Aluminum01_N.uasset" 10
"../../../../../ttc2021-2022/2022/UE4NetworkGameProject/Content/Mannequin/Character/Materials/MaterialLayers/T_ML_Aluminum01.uasset" 11
"../../../../../ttc2021-2022/2022/UE4NetworkGameProject/Content/Mannequin/Character/Materials/MaterialLayers/ML_SoftMetal_UE4.uasset" 12
"../../../../../ttc2021-2022/2022/UE4NetworkGameProject/Content/Mannequin/Character/Materials/MaterialLayers/ML_Plastic_Shiny_Beige_LOGO.uasset" 13
"../../../../../ttc2021-2022/2022/UE4NetworkGameProject/Content/Mannequin/Character/Materials/MaterialLayers/ML_Plastic_Shiny_Beige.uasset" 14
"../../../../../ttc2021-2022/2022/UE4NetworkGameProject/Content/Mannequin/Character/Materials/MaterialLayers/ML_GlossyBlack_Latex_UE4.uasset" 15
"../../../Engine/Content/Functions/MaterialLayerFunctions/MatLayerBlend_Simple.uasset" 16
"../../../Engine/Content/Functions/Engine_MaterialFunctions02/Utility/BlendAngleCorrectedNormals.uasset" 17
"../../../Engine/Content/Functions/MaterialLayerFunctions/MatLayerBlend_NormalBlend.uasset" 18
"../../../../../ttc2021-2022/2022/UE4NetworkGameProject/Content/Mannequin/Character/Materials/M_Male_Body.uasset" 19
"../../../../../ttc2021-2022/2022/UE4NetworkGameProject/Content/Mannequin/Character/Materials/M_UE4Man_ChestLogo.uasset" 20
"../../../../../ttc2021-2022/2022/UE4NetworkGameProject/Content/Mannequin/Character/Mesh/UE4_Mannequin_Skeleton.uasset" 21
"../../../../../ttc2021-2022/2022/UE4NetworkGameProject/Content/Mannequin/Character/Mesh/SK_Mannequin.uasset" 22
"../../../../../ttc2021-2022/2022/UE4NetworkGameProject/Content/Mannequin/Animations/ThirdPersonWalk.uasset" 23
"../../../../../ttc2021-2022/2022/UE4NetworkGameProject/Content/Mannequin/Animations/ThirdPersonRun.uasset" 24
"../../../../../ttc2021-2022/2022/UE4NetworkGameProject/Content/Mannequin/Animations/ThirdPersonIdle.uasset" 25
"../../../../../ttc2021-2022/2022/UE4NetworkGameProject/Content/Mannequin/Animations/ThirdPerson_IdleRun_2D.uasset" 26
"../../../../../ttc2021-2022/2022/UE4NetworkGameProject/Content/Mannequin/Animations/ThirdPerson_Jump.uasset" 27
"../../../../../ttc2021-2022/2022/UE4NetworkGameProject/Content/Mannequin/Animations/ThirdPersonJump_Start.uasset" 28
"../../../../../ttc2021-2022/2022/UE4NetworkGameProject/Content/Mannequin/Animations/ThirdPersonJump_Loop.uasset" 29
"../../../Engine/Content/EditorBlueprintResources/StandardMacros.uasset" 30
"../../../../../ttc2021-2022/2022/UE4NetworkGameProject/Content/Mannequin/Animations/ThirdPerson_AnimBP.uasset" 31
"../../../../../ttc2021-2022/2022/UE4NetworkGameProject/Content/Blueprints/Characters/CharacterBase.uasset" 32
"../../../../../ttc2021-2022/2022/UE4NetworkGameProject/Content/Blueprints/Characters/Player_1.uasset" 33
"../../../../../ttc2021-2022/2022/UE4NetworkGameProject/Content/Blueprints/Characters/Player_2.uasset" 34
"../../../../../ttc2021-2022/2022/UE4NetworkGameProject/Content/Blueprints/Characters/Player_3.uasset" 35
"../../../../../ttc2021-2022/2022/UE4NetworkGameProject/Content/Blueprints/Characters/Player_4.uasset" 36
"../../../../../ttc2021-2022/2022/UE4NetworkGameProject/Content/Mannequin/Animations/ThirdPersonJump_End.uasset" 37
"../../../../../ttc2021-2022/2022/UE4NetworkGameProject/Content/Mannequin/Character/Mesh/SK_Mannequin_Female_PhysicsAsset.uasset" 38
"../../../../../ttc2021-2022/2022/UE4NetworkGameProject/Content/Mannequin/Character/Textures/T_Female_N.uasset" 39
"../../../../../ttc2021-2022/2022/UE4NetworkGameProject/Content/Mannequin/Character/Textures/T_Female_Mask.uasset" 40
"../../../../../ttc2021-2022/2022/UE4NetworkGameProject/Content/Mannequin/Character/Materials/MI_Female_Body.uasset" 41
"../../../../../ttc2021-2022/2022/UE4NetworkGameProject/Content/Mannequin/Character/Mesh/SK_Mannequin_Female.uasset" 42
"../../../../../ttc2021-2022/2022/UE4NetworkGameProject/Content/StarterContent/Materials/M_Basic_Wall.uasset" 43
"../../../../../ttc2021-2022/2022/UE4NetworkGameProject/Content/StarterContent/Architecture/Pillar_50x500.uasset" 44
"../../../../../ttc2021-2022/2022/UE4NetworkGameProject/Content/StarterContent/Architecture/Wall_400x300.uasset" 45
"../../../../../ttc2021-2022/2022/UE4NetworkGameProject/Content/StarterContent/Architecture/Wall_400x400.uasset" 46
"../../../../../ttc2021-2022/2022/UE4NetworkGameProject/Content/StarterContent/Architecture/Wall_500x500.uasset" 47
"../../../../../ttc2021-2022/2022/UE4NetworkGameProject/Content/StarterContent/Architecture/Wall_Door_400x400.uasset" 48
"../../../../../ttc2021-2022/2022/UE4NetworkGameProject/Content/StarterContent/Architecture/Wall_Window_400x400.uasset" 49
"../../../../../ttc2021-2022/2022/UE4NetworkGameProject/Content/StarterContent/Audio/Collapse01.uasset" 50
"../../../../../ttc2021-2022/2022/UE4NetworkGameProject/Content/StarterContent/Audio/Collapse02.uasset" 51
"../../../../../ttc2021-2022/2022/UE4NetworkGameProject/Content/StarterContent/Audio/Explosion01.uasset" 52
"../../../../../ttc2021-2022/2022/UE4NetworkGameProject/Content/StarterContent/Audio/Explosion02.uasset" 53
"../../../../../ttc2021-2022/2022/UE4NetworkGameProject/Content/StarterContent/Audio/Fire01.uasset" 54
"../../../../../ttc2021-2022/2022/UE4NetworkGameProject/Content/StarterContent/Audio/Fire_Sparks01.uasset" 55
"../../../../../ttc2021-2022/2022/UE4NetworkGameProject/Content/StarterContent/Audio/Light01.uasset" 56
"../../../../../ttc2021-2022/2022/UE4NetworkGameProject/Content/StarterContent/Audio/Light01_Cue.uasset" 57
"../../../../../ttc2021-2022/2022/UE4NetworkGameProject/Content/StarterContent/Audio/Light02.uasset" 58
"../../../../../ttc2021-2022/2022/UE4NetworkGameProject/Content/StarterContent/Audio/Light02_Cue.uasset" 59
"../../../../../ttc2021-2022/2022/UE4NetworkGameProject/Content/StarterContent/Audio/Smoke01.uasset" 60
"../../../../../ttc2021-2022/2022/UE4NetworkGameProject/Content/StarterContent/Audio/Starter_Birds01.uasset" 61
"../../../../../ttc2021-2022/2022/UE4NetworkGameProject/Content/StarterContent/Audio/Starter_Music01.uasset" 62
"../../../../../ttc2021-2022/2022/UE4NetworkGameProject/Content/StarterContent/Audio/Starter_Wind05.uasset" 63
"../../../../../ttc2021-2022/2022/UE4NetworkGameProject/Content/StarterContent/Audio/Starter_Wind06.uasset" 64
"../../../../../ttc2021-2022/2022/UE4NetworkGameProject/Content/StarterContent/Audio/Steam01.uasset" 65
"../../../../../ttc2021-2022/2022/UE4NetworkGameProject/Content/StarterContent/Textures/T_Smoke_Tiled_D.uasset" 66
"../../../../../ttc2021-2022/2022/UE4NetworkGameProject/Content/StarterContent/Textures/T_Smoke_SubUV.uasset" 67
"../../../../../ttc2021-2022/2022/UE4NetworkGameProject/Content/StarterContent/Particles/Materials/M_smoke_subUV.uasset" 68
"../../../Engine/Content/Functions/Engine_MaterialFunctions01/Gradient/RadialGradient.uasset" 69
"../../../../../ttc2021-2022/2022/UE4NetworkGameProject/Content/StarterContent/Particles/Materials/M_radial_ramp.uasset" 70
"../../../../../ttc2021-2022/2022/UE4NetworkGameProject/Content/StarterContent/Particles/Materials/m_flare_01.uasset" 71
"../../../../../ttc2021-2022/2022/UE4NetworkGameProject/Content/StarterContent/Textures/T_Explosion_SubUV.uasset" 72
"../../../../../ttc2021-2022/2022/UE4NetworkGameProject/Content/StarterContent/Particles/Materials/M_explosion_subUV.uasset" 73
"../../../../../ttc2021-2022/2022/UE4NetworkGameProject/Content/StarterContent/Textures/T_Burst_M.uasset" 74
"../../../../../ttc2021-2022/2022/UE4NetworkGameProject/Content/StarterContent/Particles/Materials/M_Burst.uasset" 75
"../../../../../ttc2021-2022/2022/UE4NetworkGameProject/Content/StarterContent/Particles/P_Explosion.uasset" 76
"../../../../../ttc2021-2022/2022/UE4NetworkGameProject/Content/StarterContent/Audio/Explosion_Cue.uasset" 77
"../../../../../ttc2021-2022/2022/UE4NetworkGameProject/Content/StarterContent/Blueprints/Blueprint_Effect_Explosion.uasset" 78
"../../../Engine/Content/EditorMeshes/ColorCalibrator/T_ColorGrid.uasset" 79
"../../../../../ttc2021-2022/2022/UE4NetworkGameProject/Content/StarterContent/Materials/M_ColorGrid_LowSpec.uasset" 80
"../../../../../ttc2021-2022/2022/UE4NetworkGameProject/Content/StarterContent/Textures/T_Bush_N.uasset" 81
"../../../../../ttc2021-2022/2022/UE4NetworkGameProject/Content/StarterContent/Textures/T_Bush_D.uasset" 82
"../../../../../ttc2021-2022/2022/UE4NetworkGameProject/Content/StarterContent/Props/Materials/M_Bush.uasset" 83
"../../../../../ttc2021-2022/2022/UE4NetworkGameProject/Content/StarterContent/Props/SM_Bush.uasset" 84
"../../../../../ttc2021-2022/2022/UE4NetworkGameProject/Content/StarterContent/Textures/T_Chair_N.uasset" 85
"../../../../../ttc2021-2022/2022/UE4NetworkGameProject/Content/StarterContent/Textures/T_Chair_M.uasset" 86
"../../../../../ttc2021-2022/2022/UE4NetworkGameProject/Content/StarterContent/Props/Materials/M_Chair.uasset" 87
"../../../../../ttc2021-2022/2022/UE4NetworkGameProject/Content/StarterContent/Props/SM_Couch.uasset" 88
"../../../../../ttc2021-2022/2022/UE4NetworkGameProject/Content/StarterContent/Textures/T_Door_N.uasset" 89
"../../../../../ttc2021-2022/2022/UE4NetworkGameProject/Content/StarterContent/Textures/T_Door_M.uasset" 90
"../../../../../ttc2021-2022/2022/UE4NetworkGameProject/Content/StarterContent/Props/Materials/M_Door.uasset" 91
"../../../../../ttc2021-2022/2022/UE4NetworkGameProject/Content/StarterContent/Materials/M_Glass.uasset" 92
"../../../../../ttc2021-2022/2022/UE4NetworkGameProject/Content/StarterContent/Props/SM_Door.uasset" 93
"../../../../../ttc2021-2022/2022/UE4NetworkGameProject/Content/StarterContent/Props/Materials/M_MaterialSphere_Plain.uasset" 94
"../../../../../ttc2021-2022/2022/UE4NetworkGameProject/Content/StarterContent/Props/Materials/M_MaterialSphere.uasset" 95
"../../../../../ttc2021-2022/2022/UE4NetworkGameProject/Content/StarterContent/Props/SM_MatPreviewMesh_02.uasset" 96
"../../../../../ttc2021-2022/2022/UE4NetworkGameProject/Content/StarterContent/Textures/T_Rock_Basalt_D.uasset" 97
"../../../../../ttc2021-2022/2022/UE4NetworkGameProject/Content/StarterContent/Textures/T_RockMesh_N.uasset" 98
"../../../../../ttc2021-2022/2022/UE4NetworkGameProject/Content/StarterContent/Textures/T_RockMesh_M.uasset" 99
"../../../../../ttc2021-2022/2022/UE4NetworkGameProject/Content/StarterContent/Textures/T_Detail_Rocky_N.uasset" 100
"../../../../../ttc2021-2022/2022/UE4NetworkGameProject/Content/StarterContent/Props/Materials/M_Rock.uasset" 101
"../../../../../ttc2021-2022/2022/UE4NetworkGameProject/Content/StarterContent/Props/SM_Rock.uasset" 102
"../../../../../ttc2021-2022/2022/UE4NetworkGameProject/Content/StarterContent/Textures/T_Shelf_N.uasset" 103
"../../../../../ttc2021-2022/2022/UE4NetworkGameProject/Content/StarterContent/Textures/T_Shelf_M.uasset" 104
"../../../../../ttc2021-2022/2022/UE4NetworkGameProject/Content/StarterContent/Props/Materials/M_Shelf.uasset" 105
"../../../../../ttc2021-2022/2022/UE4NetworkGameProject/Content/StarterContent/Props/SM_Shelf.uasset" 106
"../../../../../ttc2021-2022/2022/UE4NetworkGameProject/Content/StarterContent/Materials/M_Basic_Floor.uasset" 107
"../../../../../ttc2021-2022/2022/UE4NetworkGameProject/Content/StarterContent/Props/SM_Stairs.uasset" 108
"../../../../../ttc2021-2022/2022/UE4NetworkGameProject/Content/StarterContent/Shapes/Shape_Cone.uasset" 109
"../../../../../ttc2021-2022/2022/UE4NetworkGameProject/Content/StarterContent/Shapes/Shape_Cylinder.uasset" 110
"../../../../../ttc2021-2022/2022/UE4NetworkGameProject/Content/StarterContent/Shapes/Shape_NarrowCapsule.uasset" 111
"../../../../../ttc2021-2022/2022/UE4NetworkGameProject/Content/StarterContent/Shapes/Shape_Pipe.uasset" 112
"../../../../../ttc2021-2022/2022/UE4NetworkGameProject/Content/StarterContent/Shapes/Shape_Pipe_180.uasset" 113
"../../../../../ttc2021-2022/2022/UE4NetworkGameProject/Content/StarterContent/Shapes/Shape_Pipe_90.uasset" 114
"../../../../../ttc2021-2022/2022/UE4NetworkGameProject/Content/StarterContent/Shapes/Shape_Plane.uasset" 115
"../../../../../ttc2021-2022/2022/UE4NetworkGameProject/Content/StarterContent/Shapes/Shape_Torus.uasset" 116
"../../../../../ttc2021-2022/2022/UE4NetworkGameProject/Content/StarterContent/Shapes/Shape_Trim.uasset" 117
"../../../../../ttc2021-2022/2022/UE4NetworkGameProject/Content/StarterContent/Shapes/Shape_Trim_90_In.uasset" 118
"../../../../../ttc2021-2022/2022/UE4NetworkGameProject/Content/StarterContent/Shapes/Shape_Trim_90_Out.uasset" 119
"../../../../../ttc2021-2022/2022/UE4NetworkGameProject/Content/StarterContent/Shapes/Shape_TriPyramid.uasset" 120
"../../../../../ttc2021-2022/2022/UE4NetworkGameProject/Content/StarterContent/Shapes/Shape_Tube.uasset" 121
"../../../../../ttc2021-2022/2022/UE4NetworkGameProject/Content/StarterContent/Shapes/Shape_Wedge_A.uasset" 122
"../../../../../ttc2021-2022/2022/UE4NetworkGameProject/Content/StarterContent/Shapes/Shape_Wedge_B.uasset" 123
"../../../../../ttc2021-2022/2022/UE4NetworkGameProject/Content/StarterContent/Shapes/Shape_WideCapsule.uasset" 124
"../../../../../ttc2021-2022/2022/UE4NetworkGameProject/Content/ThirdPersonBP/ThirdPersonOverview.uasset" 125
"../../../../../ttc2021-2022/2022/UE4NetworkGameProject/Content/ThirdPersonBP/Blueprints/ThirdPersonCharacter.uasset" 126
"../../../../../ttc2021-2022/2022/UE4NetworkGameProject/Content/ThirdPersonBP/Blueprints/ThirdPersonGameMode.uasset" 127
"../../../../../ttc2021-2022/2022/UE4NetworkGameProject/Content/UI/AllLevels/BP_ChatText.uasset" 128
"../../../../../ttc2021-2022/2022/UE4NetworkGameProject/Content/UI/AllLevels/BP_ChatWindow.uasset" 129
"../../../../../ttc2021-2022/2022/UE4NetworkGameProject/Content/UI/AllLevels/BP_GamePlayChat.uasset" 130
"../../../../../ttc2021-2022/2022/UE4NetworkGameProject/Content/UI/Lobby/BP_CharacterSelect.uasset" 131
"../../../../../ttc2021-2022/2022/UE4NetworkGameProject/Content/UI/Lobby/BP_ConnectedPlayer.uasset" 132
"../../../../../ttc2021-2022/2022/UE4NetworkGameProject/Content/UI/Lobby/BP_GameSettings.uasset" 133
"../../../../../ttc2021-2022/2022/UE4NetworkGameProject/Content/UI/Lobby/BP_LobbyMenu.uasset" 134
"../../../../../ttc2021-2022/2022/UE4NetworkGameProject/Content/UI/Lobby/BP_PlayerButton.uasset" 135
"../../../../../ttc2021-2022/2022/UE4NetworkGameProject/Content/UI/MainMenu/BP_ErrorDialog.uasset" 136
"../../../Engine/Content/Animation/DefaultAnimBoneCompressionSettings.uasset" 137
"../../../Engine/Content/Animation/DefaultAnimCurveCompressionSettings.uasset" 138
"../../../Engine/Content/Functions/Engine_MaterialFunctions01/Opacity/CameraDepthFade.uasset" 139
"../../../Engine/Content/EngineMaterials/T_Default_Material_Grid_N.uasset" 140
"../../../Engine/Content/EngineMaterials/T_Default_Material_Grid_M.uasset" 141
"../../../Engine/Content/EngineMaterials/WorldGridMaterial.uasset" 142
"../../../Engine/Content/ArtTools/RenderToTexture/Meshes/S_1_Unit_Plane.uasset" 143
"../../../Engine/Content/EngineMaterials/DefaultMaterial.uasset" 144
"../../../Engine/Content/BasicShapes/Cone.uasset" 145
"../../../Engine/Content/BasicShapes/Cube.uasset" 146
"../../../Engine/Content/BasicShapes/Plane.uasset" 147
"../../../Engine/Content/BasicShapes/Sphere.uasset" 148
"../../../Engine/Content/EditorLandscapeResources/DataLayer.uasset" 149
"../../../Engine/Content/EditorLandscapeResources/DefaultAlphaTexture.uasset" 150
"../../../Engine/Content/EditorMaterials/MAT_Groups_Toggle.uasset" 151
"../../../Engine/Content/EditorMaterials/MAT_Groups_Visibility.uasset" 152
"../../../Engine/Content/EditorMaterials/PreviewShadowIndicator.uasset" 153
"../../../Engine/Content/EditorMaterials/PreviewShadowIndicatorMaterial.uasset" 154
"../../../Engine/Content/EditorMaterials/MatineeGroups/MAT_ColorTrack.uasset" 155
"../../../Engine/Content/EditorMaterials/MatineeGroups/MAT_Groups_Anim.uasset" 156
"../../../Engine/Content/EditorMaterials/MatineeGroups/MAT_Groups_AudioMaster.uasset" 157
"../../../Engine/Content/EditorMaterials/MatineeGroups/MAT_Groups_Director.uasset" 158
"../../../Engine/Content/EditorMaterials/MatineeGroups/MAT_Groups_Event.uasset" 159
"../../../Engine/Content/EditorMaterials/MatineeGroups/MAT_Groups_Fade.uasset" 160
"../../../Engine/Content/EditorMaterials/MatineeGroups/MAT_Groups_Float.uasset" 161
"../../../Engine/Content/EditorMaterials/MatineeGroups/MAT_Groups_Move.uasset" 162
"../../../Engine/Content/EditorMaterials/MatineeGroups/MAT_Groups_Slomo.uasset" 163
"../../../Engine/Content/EditorMaterials/MatineeGroups/MAT_Groups_Sound.uasset" 164
"../../../Engine/Content/EditorMaterials/MatineeGroups/MAT_Groups_Vector.uasset" 165
"../../../Engine/Content/EditorMaterials/ParticleSystems/PSysThumbnail_NoImage.uasset" 166
"../../../Engine/Content/EditorMaterials/ParticleSystems/PSysThumbnail_OOD.uasset" 167
"../../../Engine/Content/EditorMaterials/Camera/CineMat.uasset" 168
"../../../Engine/Content/EditorMaterials/Camera/MI_CineMat_Rig.uasset" 169
"../../../Engine/Content/EditorMeshes/Camera/SM_CraneRig_Arm.uasset" 170
"../../../Engine/Content/EditorMeshes/Camera/SM_CraneRig_Base.uasset" 171
"../../../Engine/Content/EditorMeshes/Camera/SM_CraneRig_Body.uasset" 172
"../../../Engine/Content/EditorMeshes/Camera/SM_CraneRig_Mount.uasset" 173
"../../../Engine/Content/EditorMeshes/Camera/SM_RailRig_Mount.uasset" 174
"../../../Engine/Content/EditorMeshes/Camera/SM_RailRig_Track.uasset" 175
"../../../Engine/Content/EditorResources/BSPVertex.uasset" 176
"../../../Engine/Content/EditorResources/EmptyActor.uasset" 177
"../../../Engine/Content/EditorResources/S_Actor.uasset" 178
"../../../Engine/Content/EditorResources/S_Note.uasset" 179
"../../../Engine/Content/EditorResources/S_Solver.uasset" 180
"../../../Engine/Content/EditorResources/S_Terrain.uasset" 181
"../../../Engine/Content/EditorResources/S_Trigger.uasset" 182
"../../../Engine/Content/EditorResources/AudioIcons/S_AudioComponent.uasset" 183
"../../../Engine/Content/EditorResources/AudioIcons/S_AudioComponent_AutoActivate.uasset" 184
"../../../Engine/Content/EditorResources/LightIcons/S_LightError.uasset" 185
"../../../Engine/Content/EditorResources/SequenceRecorder/Countdown.uasset" 186
"../../../Engine/Content/EditorResources/SequenceRecorder/RecordingIndicator.uasset" 187
"../../../Engine/Content/EngineDamageTypes/DmgTypeBP_Environmental.uasset" 188
"../../../Engine/Content/EngineDebugMaterials/DebugEditorMaterial.uasset" 189
"../../../Engine/Content/EngineDebugMaterials/DebugMeshMaterial.uasset" 190
"../../../Engine/Content/EngineDebugMaterials/M_SimpleUnlitTranslucent.uasset" 191
"../../../Engine/Content/EngineDebugMaterials/VolumeToRender.uasset" 192
"../../../Engine/Content/Functions/Engine_MaterialFunctions02/Utility/CameraDirectionVector.uasset" 193
"../../../Engine/Content/EngineDebugMaterials/M_VolumeRenderSphereTracePP.uasset" 194
"../../../Engine/Content/Functions/Engine_MaterialFunctions01/Shading/ConvertFromDiffSpec.uasset" 195
"../../../Engine/Content/EngineDebugMaterials/VertexColorMaterial.uasset" 196
"../../../Engine/Content/EngineDebugMaterials/WireframeMaterial.uasset" 197
"../../../Engine/Content/EngineFonts/Faces/RobotoRegular.uasset" 198
"../../../Engine/Content/EngineFonts/Faces/RobotoLight.uasset" 199
"../../../Engine/Content/EngineFonts/Faces/RobotoItalic.uasset" 200
"../../../Engine/Content/EngineFonts/Faces/RobotoBoldItalic.uasset" 201
"../../../Engine/Content/EngineFonts/Faces/RobotoBold.uasset" 202
"../../../Engine/Content/EngineFonts/Faces/DroidSansFallback.uasset" 203
"../../../Engine/Content/EngineFonts/Roboto.uasset" 204
"../../../Engine/Content/EngineMaterials/BaseFlattenNormalMap.uasset" 205
"../../../Engine/Content/EngineMaterials/BaseFlattenGrayscaleMap.uasset" 206
"../../../Engine/Content/EngineMaterials/BaseFlattenEmissiveMap.uasset" 207
"../../../Engine/Content/EngineMaterials/BaseFlattenDiffuseMap.uasset" 208
"../../../Engine/Content/EngineMaterials/BaseFlattenMaterial.uasset" 209
"../../../Engine/Content/EngineMaterials/BlueNoise.uasset" 210
"../../../Engine/Content/EngineMaterials/DefaultBloomKernel.uasset" 211
"../../../Engine/Content/EngineMaterials/DefaultBokeh.uasset" 212
"../../../Engine/Content/EngineMaterials/DefaultDiffuse.uasset" 213
"../../../Engine/Content/EngineMaterials/DefaultDeferredDecalMaterial.uasset" 214
"../../../Engine/Content/EngineMaterials/DefaultLightFunctionMaterial.uasset" 215
"../../../Engine/Content/EngineMaterials/DefaultPhysicalMaterial.uasset" 216
"../../../Engine/Content/Functions/Engine_MaterialFunctions02/Utility/BreakOutFloat2Components.uasset" 217
"../../../Engine/Content/EngineMaterials/DefaultPostProcessMaterial.uasset" 218
"../../../Engine/Content/EngineFonts/RobotoDistanceField.uasset" 219
"../../../Engine/Content/EngineMaterials/DefaultTextMaterialOpaque.uasset" 220
"../../../Engine/Content/EngineMaterials/DefaultWhiteGrid.uasset" 221
"../../../Engine/Content/EngineMaterials/DefaultWhiteGrid_Low.uasset" 222
"../../../Engine/Content/EngineMaterials/EmissiveMeshMaterial.uasset" 223
"../../../Engine/Content/EngineMaterials/GizmoMaterial.uasset" 224
"../../../Engine/Content/EngineMaterials/Good64x64TilingNoiseHighFreq.uasset" 225
"../../../Engine/Content/EngineMaterials/MiniFont.uasset" 226
"../../../Engine/Content/EngineMaterials/InvalidLightmapSettings.uasset" 227
"../../../Engine/Content/EngineMaterials/M_InvalidLightmapSettings.uasset" 228
"../../../Engine/Content/Functions/Engine_MaterialFunctions02/WorldPositionOffset/CameraOffset.uasset" 229
"../../../Engine/Content/EngineMaterials/PhAT_JointLimitMaterial.uasset" 230
"../../../Engine/Content/EngineMaterials/PreintegratedSkinBRDF.uasset" 231
"../../../Engine/Content/EngineMaterials/RemoveSurfaceMaterial.uasset" 232
"../../../Engine/Content/EngineMaterials/WeightMapPlaceholderTexture.uasset" 233
"../../../Engine/Content/EngineResources/WhiteSquareTexture.uasset" 234
"../../../Engine/Content/EngineMaterials/Widget3DPassThrough.uasset" 235
"../../../Engine/Content/EngineMaterials/Widget3DPassThrough_Masked.uasset" 236
"../../../Engine/Content/EngineMaterials/Widget3DPassThrough_Opaque.uasset" 237
"../../../Engine/Content/EngineMaterials/Widget3DPassThrough_Masked_OneSided.uasset" 238
"../../../Engine/Content/EngineMaterials/Widget3DPassThrough_Opaque_OneSided.uasset" 239
"../../../Engine/Content/EngineMaterials/Widget3DPassThrough_Translucent.uasset" 240
"../../../Engine/Content/EngineMaterials/Widget3DPassThrough_Translucent_OneSided.uasset" 241
"../../../Engine/Content/EngineMeshes/Cylinder.uasset" 242
"../../../Engine/Content/EngineMeshes/Sphere.uasset" 243
"../../../Engine/Content/EngineResources/Black.uasset" 244
"../../../Engine/Content/EngineResources/DefaultTextureCube.uasset" 245
"../../../Engine/Content/EngineResources/DefaultVolumeTexture2D.uasset" 246
"../../../Engine/Content/EngineResources/DefaultVolumeTexture.uasset" 247
"../../../Engine/Content/EngineResources/GradientTexture0.uasset" 248
"../../../Engine/Content/EngineSky/VolumetricClouds/T_NoiseShape64.uasset" 249
"../../../Engine/Content/EngineSky/VolumetricClouds/T_VolumeNoiseShape64.uasset" 250
"../../../Engine/Content/EngineSky/VolumetricClouds/T_NoiseErosion.uasset" 251
"../../../Engine/Content/EngineSky/VolumetricClouds/T_VolumeNoiseErosion32.uasset" 252
"../../../Engine/Content/EngineSky/VolumetricClouds/CloudWeatherTexture.uasset" 253
"../../../Engine/Content/EngineSky/VolumetricClouds/CloudGradientTexture.uasset" 254
"../../../Engine/Content/Functions/Engine_MaterialFunctions02/Utility/MakeFloat2.uasset" 255
"../../../Engine/Content/EngineSky/VolumetricClouds/m_SimpleVolumetricCloud.uasset" 256
"../../../Engine/Content/EngineSky/VolumetricClouds/m_SimpleVolumetricCloud_Inst.uasset" 257
"../../../Engine/Content/EngineSounds/Master.uasset" 258
"../../../Engine/Content/Functions/Engine_MaterialFunctions01/Shading/PowerToRoughness.uasset" 259
"../../../Engine/Content/Maps/Templates/Thumbnails/Default.uasset" 260
"../../../Engine/Content/Maps/Templates/Thumbnails/TimeOfDay.uasset" 261
"../../../Engine/Content/Maps/Templates/Thumbnails/VR-Basic.uasset" 262
"../../../Engine/Content/MobileResources/T_MobileControls_texture.uasset" 263
"../../../Engine/Content/MobileResources/T_MobileMenu2.uasset" 264
"../../../Engine/Content/MobileResources/HUD/AnalogHat.uasset" 265
"../../../Engine/Content/MobileResources/HUD/VirtualJoystick_Thumb.uasset" 266
"../../../Engine/Content/MobileResources/HUD/VirtualJoystick_Background.uasset" 267
"../../../Engine/Content/MobileResources/HUD/DefaultVirtualJoysticks.uasset" 268
"../../../Engine/Content/MobileResources/HUD/LeftVirtualJoystickOnly.uasset" 269
"../../../Engine/Content/MobileResources/HUD/MobileHUDButton1_off.uasset" 270
"../../../Engine/Content/MobileResources/HUD/MobileHUDButton1_on.uasset" 271
"../../../Engine/Content/MobileResources/HUD/MobileHUDButton2_off.uasset" 272
"../../../Engine/Content/MobileResources/HUD/MobileHUDButton2_on.uasset" 273
"../../../Engine/Content/MobileResources/HUD/MobileHUDButton3.uasset" 274
"../../../Engine/Content/MobileResources/HUD/MobileHUDButtonFire.uasset" 275
"../../../Engine/Content/MobileResources/HUD/MobileHUDDirectionPad.uasset" 276
"../../../Engine/Content/MobileResources/HUD/MobileHUDDirectionPad2.uasset" 277
"../../../Engine/Content/MobileResources/HUD/MobileHUDDirectionPad3.uasset" 278
"../../../Engine/Content/MobileResources/HUD/MobileHUDDirectionStick.uasset" 279
"../../../Engine/Content/MobileResources/HUD/T_Castle_ThumbstickInner.uasset" 280
"../../../Engine/Content/MobileResources/HUD/T_Castle_ThumbstickOutter.uasset" 281
"../../../Engine/Content/Tutorial/ContentIntroCurve.uasset" 282
"../../../Engine/Content/Tutorial/Basics/LevelEditorAttract.uasset" 283
"../../../Engine/Content/Tutorial/Basics/TutorialAssets/icon_tab_Levels_40x.uasset" 284
"../../../Engine/Content/Tutorial/Basics/LevelEditorOverview.uasset" 285
"../../../Engine/Content/Tutorial/BlueprintTutorials/TutorialAssets/Blueprint_64x.uasset" 286
"../../../Engine/Content/Tutorial/BlueprintTutorials/BlueprintEditorTutorial.uasset" 287
"../../../Engine/Content/VREditor/TransformGizmo/TranslucentTransformGizmoMaterial.uasset" 288
"../../../Engine/Content/VREditor/LaserPointer/VR_LaserPower_01.uasset" 289
"../../../Engine/Content/VREditor/TransformGizmo/TransformGizmoMaterial.uasset" 290
"../../../Engine/Content/VREditor/TransformGizmo/BoundingBoxCorner.uasset" 291
"../../../Engine/Content/VREditor/TransformGizmo/BoundingBoxEdge.uasset" 292
"../../../Engine/Content/VREditor/TransformGizmo/PlaneTranslationHandle.uasset" 293
"../../../Engine/Content/VREditor/TransformGizmo/Xray.uasset" 294
"../../../Engine/Content/VREditor/TransformGizmo/Main.uasset" 295
"../../../Engine/Content/VREditor/TransformGizmo/SM_Sequencer_Key.uasset" 296
"../../../Engine/Content/VREditor/TransformGizmo/SM_Sequencer_Node.uasset" 297
"../../Plugins/2D/Paper2D/Content/PlaceholderTextures/DummySpriteTexture.uasset" 298
"../../Plugins/2D/Paper2D/Content/DummySprite.uasset" 299
"../../Plugins/2D/Paper2D/Content/DefaultPaperTerrainMaterial.uasset" 300
"../../Plugins/2D/Paper2D/Content/DefaultSpriteMaterial.uasset" 301
"../../Plugins/2D/Paper2D/Content/MaskedUnlitSpriteMaterial.uasset" 302
"../../Plugins/2D/Paper2D/Content/OpaqueUnlitSpriteMaterial.uasset" 303
"../../../Engine/Content/Functions/Engine_MaterialFunctions02/Utility/BreakOutFloat3Components.uasset" 304
"../../../Engine/Content/Functions/Engine_MaterialFunctions02/ObjectLocalBounds.uasset" 305
"../../Plugins/Editor/SpeedTreeImporter/Content/SpeedTree9/UnpackInteger3.uasset" 306
"../../Plugins/Editor/SpeedTreeImporter/Content/SpeedTree9/UnpackDirection.uasset" 307
"../../Plugins/Editor/SpeedTreeImporter/Content/SpeedTree9/game_wind_noise.uasset" 308
"../../../Engine/Content/Functions/Engine_MaterialFunctions02/SafeNormalize.uasset" 309
"../../Plugins/Editor/SpeedTreeImporter/Content/SpeedTree9/SpeedTreeWindMotion.uasset" 310
"../../Plugins/Editor/SpeedTreeImporter/Content/SpeedTree9/SpeedTreeBranchMotion.uasset" 311
"../../../Engine/Content/Functions/Engine_MaterialFunctions02/UVs/BoundingBoxBased_0-1_UVW.uasset" 312
"../../Plugins/Editor/SpeedTreeImporter/Content/SpeedTree9/SpeedTreeWind.uasset" 313
"../../Plugins/Editor/SpeedTreeImporter/Content/SpeedTree9/SpeedTreeBillboard.uasset" 314
"../../../Engine/Content/EngineResources/DefaultTexture.uasset" 315
"../../Plugins/Editor/SpeedTreeImporter/Content/SpeedTree9/SpeedTreeBillboardMaster.uasset" 316
"../../Plugins/Editor/SpeedTreeImporter/Content/SpeedTree9/SpeedTreeCameraFacing.uasset" 317
"../../Plugins/Editor/SpeedTreeImporter/Content/SpeedTree9/SpeedTreeMaster.uasset" 318
"../../../Engine/Content/ArtTools/RenderToTexture/Materials/Debug/M_Emissive_Color.uasset" 319
"../../../Engine/Content/BasicShapes/Cylinder.uasset" 320
"../../Plugins/Lumin/MagicLeapPassableWorld/Content/MagicLeapARPinInfoActor.uasset" 321
"../../../Engine/Content/Functions/Engine_MaterialFunctions02/Utility/BreakOutFloat4Components.uasset" 322
"../../../Engine/Content/Functions/Engine_MaterialFunctions02/Utility/MakeFloat3.uasset" 323
"../../Plugins/Runtime/Oculus/OculusVR/Content/Materials/OculusMR_ChromaKey.uasset" 324
"../../Plugins/Runtime/Oculus/OculusVR/Content/Materials/OculusMR_OpaqueColoredMaterial.uasset" 325
"../../Plugins/Runtime/Oculus/OculusVR/Content/Materials/PokeAHoleMaterial.uasset" 326
"../../../Engine/Content/MapTemplates/SM_Template_Map_Floor.uasset" 327
"../../../Engine/Content/EngineSky/T_Sky_Stars.uasset" 328
"../../../Engine/Content/EngineSky/T_Sky_Clouds_M.uasset" 329
"../../../../../ttc2021-2022/2022/UE4NetworkGameProject/Content/Maps/Lobby_BuiltData.uasset" 330
"../../../Engine/Content/EngineSky/T_Sky_Blue.uasset" 331
"../../../Engine/Content/EngineSky/M_Sky_Panning_Clouds2.uasset" 332
"../../../Engine/Content/EngineSky/SM_SkySphere.uasset" 333
"../../../Engine/Content/EngineSky/C_Sky_Zenith_Color.uasset" 334
"../../../Engine/Content/EngineSky/C_Sky_Horizon_Color.uasset" 335
"../../../Engine/Content/EngineSky/C_Sky_Cloud_Color.uasset" 336
"../../../Engine/Content/EngineSky/BP_Sky_Sphere.uasset" 337
"../../../../../ttc2021-2022/2022/UE4NetworkGameProject/Content/Blueprints/Lobby/BP_LobbyPlayerController.uasset" 338
"../../../../../ttc2021-2022/2022/UE4NetworkGameProject/Content/Blueprints/Lobby/BP_LobbyGameMode.uasset" 339
"../../../../../ttc2021-2022/2022/UE4NetworkGameProject/Content/Maps/Lobby.umap" 340
"../../../../../ttc2021-2022/2022/UE4NetworkGameProject/Content/ThirdPerson/Meshes/RampMaterial.uasset" 341
"../../../../../ttc2021-2022/2022/UE4NetworkGameProject/Content/ThirdPerson/Meshes/RightArm_StaticMesh.uasset" 342
"../../../../../ttc2021-2022/2022/UE4NetworkGameProject/Content/ThirdPerson/Meshes/Ramp_StaticMesh.uasset" 343
"../../../../../ttc2021-2022/2022/UE4NetworkGameProject/Content/ThirdPerson/Meshes/Linear_Stair_StaticMesh.uasset" 344
"../../../../../ttc2021-2022/2022/UE4NetworkGameProject/Content/ThirdPerson/Meshes/LeftArm_StaticMesh.uasset" 345
"../../../../../ttc2021-2022/2022/UE4NetworkGameProject/Content/ThirdPerson/Meshes/Bump_StaticMesh.uasset" 346
"../../../../../ttc2021-2022/2022/UE4NetworkGameProject/Content/Geometry/Meshes/CubeMaterial.uasset" 347
"../../../../../ttc2021-2022/2022/UE4NetworkGameProject/Content/Geometry/Meshes/TemplateFloor.uasset" 348
"../../../../../ttc2021-2022/2022/UE4NetworkGameProject/Content/Geometry/Meshes/1M_Cube_Chamfer.uasset" 349
"../../../../../ttc2021-2022/2022/UE4NetworkGameProject/Content/Geometry/Meshes/1M_Cube.uasset" 350
"../../../../../ttc2021-2022/2022/UE4NetworkGameProject/Content/Maps/Stage01_BuiltData.uasset" 351
"../../../../../ttc2021-2022/2022/UE4NetworkGameProject/Content/Blueprints/GamePlay/BP_PlayerController.uasset" 352
"../../../../../ttc2021-2022/2022/UE4NetworkGameProject/Content/Blueprints/GamePlay/BP_GamePlayMode.uasset" 353
"../../../../../ttc2021-2022/2022/UE4NetworkGameProject/Content/Maps/Stage01.umap" 354
"../../../../../ttc2021-2022/2022/UE4NetworkGameProject/Content/Maps/Stage02_BuiltData.uasset" 355
"../../../../../ttc2021-2022/2022/UE4NetworkGameProject/Content/Maps/Stage02.umap" 356
"../../../../../ttc2021-2022/2022/UE4NetworkGameProject/Content/Maps/TravelMap.umap" 357
"../../../../../ttc2021-2022/2022/UE4NetworkGameProject/Content/Maps/MainMenu_BuiltData.uasset" 358
"../../../../../ttc2021-2022/2022/UE4NetworkGameProject/Content/UI/MainMenu/BP_ServerMenu.uasset" 359
"../../../../../ttc2021-2022/2022/UE4NetworkGameProject/Content/UI/MainMenu/BP_OptionsMenu.uasset" 360
"../../../../../ttc2021-2022/2022/UE4NetworkGameProject/Content/UI/MainMenu/BP_MainMenu.uasset" 361
"../../../../../ttc2021-2022/2022/UE4NetworkGameProject/Content/UI/MainMenu/BP_HostMenu.uasset" 362
"../../../../../ttc2021-2022/2022/UE4NetworkGameProject/Content/UI/AllLevels/BP_LoadingScreen.uasset" 363
"../../../../../ttc2021-2022/2022/UE4NetworkGameProject/Content/Blueprints/AllLevels/BP_GameInstance.uasset" 364
"../../../../../ttc2021-2022/2022/UE4NetworkGameProject/Content/Maps/MainMenu.umap" 365
"../../../Engine/Content/MapTemplates/Sky/DaylightAmbientCubemap.uasset" 366
"../../../../../ttc2021-2022/2022/UE4NetworkGameProject/Content/StarterContent/Blueprints/Assets/M_LightStage_Skybox_Master.uasset" 367
"../../../../../ttc2021-2022/2022/UE4NetworkGameProject/Content/StarterContent/Blueprints/Assets/M_LightStage_Skybox_HDRI.uasset" 368
"../../../../../ttc2021-2022/2022/UE4NetworkGameProject/Content/StarterContent/Blueprints/Assets/M_LightStage_Arrows.uasset" 369
"../../../Engine/Content/EditorMaterials/Thumbnails/SkySphereMaterial.uasset" 370
"../../../../../ttc2021-2022/2022/UE4NetworkGameProject/Content/StarterContent/Blueprints/Assets/Skybox.uasset" 371
"../../../../../ttc2021-2022/2022/UE4NetworkGameProject/Content/StarterContent/Blueprints/Assets/M_LightStage_Skybox_Black.uasset" 372
"../../../../../ttc2021-2022/2022/UE4NetworkGameProject/Content/StarterContent/Blueprints/Assets/SunlightColorLUT.uasset" 373
"../../../../../ttc2021-2022/2022/UE4NetworkGameProject/Content/StarterContent/Blueprints/Assets/FogBrightnessLUT.uasset" 374
"../../../../../ttc2021-2022/2022/UE4NetworkGameProject/Content/StarterContent/HDRI/HDRI_Epic_Courtyard_Daylight.uasset" 375
"../../../../../ttc2021-2022/2022/UE4NetworkGameProject/Content/StarterContent/Blueprints/Assets/SM_Arrows.uasset" 376
"../../../../../ttc2021-2022/2022/UE4NetworkGameProject/Content/StarterContent/Blueprints/BP_LightStudio.uasset" 377
"../../../../../ttc2021-2022/2022/UE4NetworkGameProject/Content/StarterContent/Materials/M_AssetPlatform.uasset" 378
"../../../../../ttc2021-2022/2022/UE4NetworkGameProject/Content/StarterContent/Architecture/SM_AssetPlatform.uasset" 379
"../../../../../ttc2021-2022/2022/UE4NetworkGameProject/Content/StarterContent/Maps/Advanced_Lighting_BuiltData.uasset" 380
"../../../Engine/Content/EditorMeshes/ColorCalibrator/M_GreyBall.uasset" 381
"../../../Engine/Content/EditorMeshes/ColorCalibrator/Color_checker.uasset" 382
"../../../Engine/Content/EditorMeshes/ColorCalibrator/M_ColorGrid.uasset" 383
"../../../Engine/Content/EditorMeshes/ColorCalibrator/M_ClearCoatBlack.uasset" 384
"../../../Engine/Content/EditorMeshes/ColorCalibrator/M_ClearCoat.uasset" 385
"../../../Engine/Content/EditorMeshes/ColorCalibrator/M_ChromeBall.uasset" 386
"../../../Engine/Content/EditorMeshes/ColorCalibrator/SM_ColorCalibrator.uasset" 387
"../../../../../ttc2021-2022/2022/UE4NetworkGameProject/Content/StarterContent/Maps/Advanced_Lighting.umap" 388
"../../../../../ttc2021-2022/2022/UE4NetworkGameProject/Content/StarterContent/Audio/Starter_Background_Cue.uasset" 389
"../../../../../ttc2021-2022/2022/UE4NetworkGameProject/Content/StarterContent/Architecture/Floor_400x400.uasset" 390
"../../../../../ttc2021-2022/2022/UE4NetworkGameProject/Content/StarterContent/Maps/Minimal_Default_BuiltData.uasset" 391
"../../../../../ttc2021-2022/2022/UE4NetworkGameProject/Content/StarterContent/Textures/T_TableRound_N.uasset" 392
"../../../../../ttc2021-2022/2022/UE4NetworkGameProject/Content/StarterContent/Textures/T_TableRound_M.uasset" 393
"../../../../../ttc2021-2022/2022/UE4NetworkGameProject/Content/StarterContent/Props/Materials/M_TableRound.uasset" 394
"../../../../../ttc2021-2022/2022/UE4NetworkGameProject/Content/StarterContent/Props/SM_TableRound.uasset" 395
"../../../../../ttc2021-2022/2022/UE4NetworkGameProject/Content/StarterContent/Textures/T_MacroVariation.uasset" 396
"../../../../../ttc2021-2022/2022/UE4NetworkGameProject/Content/StarterContent/Materials/M_Metal_Brushed_Nickel.uasset" 397
"../../../../../ttc2021-2022/2022/UE4NetworkGameProject/Content/StarterContent/Textures/T_Metal_Gold_N.uasset" 398
"../../../../../ttc2021-2022/2022/UE4NetworkGameProject/Content/StarterContent/Textures/T_Metal_Aluminum_D.uasset" 399
"../../../../../ttc2021-2022/2022/UE4NetworkGameProject/Content/StarterContent/Materials/M_Metal_Burnished_Steel.uasset" 400
"../../../../../ttc2021-2022/2022/UE4NetworkGameProject/Content/StarterContent/Textures/T_Metal_Copper_D.uasset" 401
"../../../../../ttc2021-2022/2022/UE4NetworkGameProject/Content/StarterContent/Materials/M_Metal_Copper.uasset" 402
"../../../../../ttc2021-2022/2022/UE4NetworkGameProject/Content/StarterContent/Textures/T_Statue_N.uasset" 403
"../../../../../ttc2021-2022/2022/UE4NetworkGameProject/Content/StarterContent/Textures/T_Statue_M.uasset" 404
"../../../../../ttc2021-2022/2022/UE4NetworkGameProject/Content/StarterContent/Props/Materials/M_StatueGlass.uasset" 405
"../../../../../ttc2021-2022/2022/UE4NetworkGameProject/Content/StarterContent/Props/SM_Chair.uasset" 406
"../../../../../ttc2021-2022/2022/UE4NetworkGameProject/Content/StarterContent/Props/Materials/M_Statue.uasset" 407
"../../../../../ttc2021-2022/2022/UE4NetworkGameProject/Content/StarterContent/Props/SM_Statue.uasset" 408
"../../../../../ttc2021-2022/2022/UE4NetworkGameProject/Content/StarterContent/Maps/Minimal_Default.umap" 409
"../../../../../ttc2021-2022/2022/UE4NetworkGameProject/Content/StarterContent/Textures/T_Lamp_N.uasset" 410
"../../../../../ttc2021-2022/2022/UE4NetworkGameProject/Content/StarterContent/Textures/T_Lamp_M.uasset" 411
"../../../../../ttc2021-2022/2022/UE4NetworkGameProject/Content/StarterContent/Props/Materials/M_Lamp.uasset" 412
"../../../../../ttc2021-2022/2022/UE4NetworkGameProject/Content/StarterContent/Props/SM_Lamp_Wall.uasset" 413
"../../../../../ttc2021-2022/2022/UE4NetworkGameProject/Content/StarterContent/Blueprints/Blueprint_WallSconce.uasset" 414
"../../../../../ttc2021-2022/2022/UE4NetworkGameProject/Content/StarterContent/Particles/P_Steam_Lit.uasset" 415
"../../../../../ttc2021-2022/2022/UE4NetworkGameProject/Content/StarterContent/Audio/Steam01_Cue.uasset" 416
"../../../../../ttc2021-2022/2022/UE4NetworkGameProject/Content/StarterContent/Blueprints/Blueprint_Effect_Steam.uasset" 417
"../../../../../ttc2021-2022/2022/UE4NetworkGameProject/Content/StarterContent/Textures/T_Spark_Core.uasset" 418
"../../../../../ttc2021-2022/2022/UE4NetworkGameProject/Content/StarterContent/Particles/Materials/M_Spark.uasset" 419
"../../../../../ttc2021-2022/2022/UE4NetworkGameProject/Content/StarterContent/Particles/Materials/M_Radial_Gradient.uasset" 420
"../../../../../ttc2021-2022/2022/UE4NetworkGameProject/Content/StarterContent/Particles/P_Sparks.uasset" 421
"../../../../../ttc2021-2022/2022/UE4NetworkGameProject/Content/StarterContent/Audio/Fire_Sparks01_Cue.uasset" 422
"../../../../../ttc2021-2022/2022/UE4NetworkGameProject/Content/StarterContent/Blueprints/Blueprint_Effect_Sparks.uasset" 423
"../../../../../ttc2021-2022/2022/UE4NetworkGameProject/Content/StarterContent/Particles/P_Smoke.uasset" 424
"../../../../../ttc2021-2022/2022/UE4NetworkGameProject/Content/StarterContent/Audio/Smoke01_Cue.uasset" 425
"../../../../../ttc2021-2022/2022/UE4NetworkGameProject/Content/StarterContent/Blueprints/Blueprint_Effect_Smoke.uasset" 426
"../../../../../ttc2021-2022/2022/UE4NetworkGameProject/Content/StarterContent/Textures/T_Water_N.uasset" 427
"../../../../../ttc2021-2022/2022/UE4NetworkGameProject/Content/StarterContent/Particles/Materials/M_Heat_Distortion.uasset" 428
"../../../../../ttc2021-2022/2022/UE4NetworkGameProject/Content/StarterContent/Textures/T_Fire_Tiled_D.uasset" 429
"../../../../../ttc2021-2022/2022/UE4NetworkGameProject/Content/StarterContent/Textures/T_Fire_SubUV.uasset" 430
"../../../../../ttc2021-2022/2022/UE4NetworkGameProject/Content/StarterContent/Particles/Materials/M_Fire_SubUV.uasset" 431
"../../../../../ttc2021-2022/2022/UE4NetworkGameProject/Content/StarterContent/Particles/P_Fire.uasset" 432
"../../../../../ttc2021-2022/2022/UE4NetworkGameProject/Content/StarterContent/Audio/Fire01_Cue.uasset" 433
"../../../../../ttc2021-2022/2022/UE4NetworkGameProject/Content/StarterContent/Blueprints/Blueprint_Effect_Fire.uasset" 434
"../../../../../ttc2021-2022/2022/UE4NetworkGameProject/Content/StarterContent/Props/SM_Lamp_Ceiling.uasset" 435
"../../../../../ttc2021-2022/2022/UE4NetworkGameProject/Content/StarterContent/Blueprints/Blueprint_CeilingLight.uasset" 436
"../../../../../ttc2021-2022/2022/UE4NetworkGameProject/Content/StarterContent/Audio/Starter_Music_Cue.uasset" 437
"../../../../../ttc2021-2022/2022/UE4NetworkGameProject/Content/StarterContent/Audio/Collapse_Cue.uasset" 438
"../../../../../ttc2021-2022/2022/UE4NetworkGameProject/Content/StarterContent/Architecture/Wall_Window_400x300.uasset" 439
"../../../../../ttc2021-2022/2022/UE4NetworkGameProject/Content/StarterContent/Architecture/Wall_Door_400x300.uasset" 440
"../../../../../ttc2021-2022/2022/UE4NetworkGameProject/Content/StarterContent/Architecture/Wall_400x200.uasset" 441
"../../../../../ttc2021-2022/2022/UE4NetworkGameProject/Content/StarterContent/Shapes/Shape_Sphere.uasset" 442
"../../../../../ttc2021-2022/2022/UE4NetworkGameProject/Content/StarterContent/Shapes/Shape_QuadPyramid.uasset" 443
"../../../../../ttc2021-2022/2022/UE4NetworkGameProject/Content/StarterContent/Shapes/Shape_Cube.uasset" 444
"../../../../../ttc2021-2022/2022/UE4NetworkGameProject/Content/StarterContent/Textures/T_Frame_N.uasset" 445
"../../../../../ttc2021-2022/2022/UE4NetworkGameProject/Content/StarterContent/Textures/T_Frame_M.uasset" 446
"../../../../../ttc2021-2022/2022/UE4NetworkGameProject/Content/StarterContent/Props/Materials/M_Frame.uasset" 447
"../../../../../ttc2021-2022/2022/UE4NetworkGameProject/Content/StarterContent/Props/SM_WindowFrame.uasset" 448
"../../../../../ttc2021-2022/2022/UE4NetworkGameProject/Content/StarterContent/Props/SM_PillarFrame300.uasset" 449
"../../../../../ttc2021-2022/2022/UE4NetworkGameProject/Content/StarterContent/Props/SM_PillarFrame.uasset" 450
"../../../../../ttc2021-2022/2022/UE4NetworkGameProject/Content/StarterContent/Props/SM_GlassWindow.uasset" 451
"../../../../../ttc2021-2022/2022/UE4NetworkGameProject/Content/StarterContent/Props/SM_DoorFrame.uasset" 452
"../../../../../ttc2021-2022/2022/UE4NetworkGameProject/Content/StarterContent/Props/SM_CornerFrame.uasset" 453
"../../../../../ttc2021-2022/2022/UE4NetworkGameProject/Content/StarterContent/Props/MaterialSphere.uasset" 454
"../../../../../ttc2021-2022/2022/UE4NetworkGameProject/Content/StarterContent/Textures/T_Dust_Particle_D.uasset" 455
"../../../../../ttc2021-2022/2022/UE4NetworkGameProject/Content/StarterContent/Particles/Materials/M_Dust_Particle.uasset" 456
"../../../../../ttc2021-2022/2022/UE4NetworkGameProject/Content/StarterContent/Particles/P_Ambient_Dust.uasset" 457
"../../../../../ttc2021-2022/2022/UE4NetworkGameProject/Content/StarterContent/Textures/T_Wood_Walnut_N.uasset" 458
"../../../../../ttc2021-2022/2022/UE4NetworkGameProject/Content/StarterContent/Textures/T_Wood_Walnut_D.uasset" 459
"../../../../../ttc2021-2022/2022/UE4NetworkGameProject/Content/StarterContent/Materials/M_Wood_Walnut.uasset" 460
"../../../../../ttc2021-2022/2022/UE4NetworkGameProject/Content/StarterContent/Textures/T_Wood_Pine_N.uasset" 461
"../../../../../ttc2021-2022/2022/UE4NetworkGameProject/Content/StarterContent/Textures/T_Wood_Pine_D.uasset" 462
"../../../../../ttc2021-2022/2022/UE4NetworkGameProject/Content/StarterContent/Textures/T_Perlin_Noise_M.uasset" 463
"../../../../../ttc2021-2022/2022/UE4NetworkGameProject/Content/StarterContent/Materials/M_Wood_Pine.uasset" 464
"../../../../../ttc2021-2022/2022/UE4NetworkGameProject/Content/StarterContent/Textures/T_Wood_Oak_N.uasset" 465
"../../../../../ttc2021-2022/2022/UE4NetworkGameProject/Content/StarterContent/Textures/T_Wood_Oak_D.uasset" 466
"../../../../../ttc2021-2022/2022/UE4NetworkGameProject/Content/StarterContent/Materials/M_Wood_Oak.uasset" 467
"../../../Engine/Content/Functions/Engine_MaterialFunctions01/Opacity/AlphaOffset.uasset" 468
"../../../../../ttc2021-2022/2022/UE4NetworkGameProject/Content/StarterContent/Textures/T_Wood_Floor_Walnut_N.uasset" 469
"../../../../../ttc2021-2022/2022/UE4NetworkGameProject/Content/StarterContent/Textures/T_Wood_Floor_Walnut_M.uasset" 470
"../../../../../ttc2021-2022/2022/UE4NetworkGameProject/Content/StarterContent/Textures/T_Wood_Floor_Walnut_D.uasset" 471
"../../../../../ttc2021-2022/2022/UE4NetworkGameProject/Content/StarterContent/Materials/M_Wood_Floor_Walnut_Worn.uasset" 472
"../../../../../ttc2021-2022/2022/UE4NetworkGameProject/Content/StarterContent/Materials/M_Wood_Floor_Walnut_Polished.uasset" 473
"../../../../../ttc2021-2022/2022/UE4NetworkGameProject/Content/StarterContent/Textures/T_Water_M.uasset" 474
"../../../../../ttc2021-2022/2022/UE4NetworkGameProject/Content/StarterContent/Materials/M_Water_Ocean.uasset" 475
"../../../../../ttc2021-2022/2022/UE4NetworkGameProject/Content/StarterContent/Materials/M_Water_Lake.uasset" 476
"../../../../../ttc2021-2022/2022/UE4NetworkGameProject/Content/StarterContent/Textures/T_Tech_Panel_N.uasset" 477
"../../../../../ttc2021-2022/2022/UE4NetworkGameProject/Content/StarterContent/Textures/T_Tech_Panel_M.uasset" 478
"../../../../../ttc2021-2022/2022/UE4NetworkGameProject/Content/StarterContent/Textures/T_Metal_Steel_D.uasset" 479
"../../../../../ttc2021-2022/2022/UE4NetworkGameProject/Content/StarterContent/Materials/M_Tech_Panel.uasset" 480
"../../../../../ttc2021-2022/2022/UE4NetworkGameProject/Content/StarterContent/Textures/T_Tech_Hex_Tile_N.uasset" 481
"../../../../../ttc2021-2022/2022/UE4NetworkGameProject/Content/StarterContent/Textures/T_Tech_Hex_Tile_M.uasset" 482
"../../../../../ttc2021-2022/2022/UE4NetworkGameProject/Content/StarterContent/Materials/M_Tech_Hex_Tile_Pulse.uasset" 483
"../../../../../ttc2021-2022/2022/UE4NetworkGameProject/Content/StarterContent/Materials/M_Tech_Hex_Tile.uasset" 484
"../../../../../ttc2021-2022/2022/UE4NetworkGameProject/Content/StarterContent/Textures/T_Tech_Dot_N.uasset" 485
"../../../../../ttc2021-2022/2022/UE4NetworkGameProject/Content/StarterContent/Textures/T_Tech_Dot_M.uasset" 486
"../../../../../ttc2021-2022/2022/UE4NetworkGameProject/Content/StarterContent/Textures/T_Single_Tile_N.uasset" 487
"../../../../../ttc2021-2022/2022/UE4NetworkGameProject/Content/StarterContent/Textures/T_Checker_Noise_M.uasset" 488
"../../../../../ttc2021-2022/2022/UE4NetworkGameProject/Content/StarterContent/Materials/M_Tech_Checker_Dot.uasset" 489
"../../../../../ttc2021-2022/2022/UE4NetworkGameProject/Content/StarterContent/Textures/T_Rock_Slate_N.uasset" 490
"../../../../../ttc2021-2022/2022/UE4NetworkGameProject/Content/StarterContent/Textures/T_Rock_Slate_D.uasset" 491
"../../../../../ttc2021-2022/2022/UE4NetworkGameProject/Content/StarterContent/Materials/M_Rock_Slate.uasset" 492
"../../../../../ttc2021-2022/2022/UE4NetworkGameProject/Content/StarterContent/Textures/T_Rock_Sandstone_N.uasset" 493
"../../../../../ttc2021-2022/2022/UE4NetworkGameProject/Content/StarterContent/Textures/T_Rock_Sandstone_D.uasset" 494
"../../../../../ttc2021-2022/2022/UE4NetworkGameProject/Content/StarterContent/Materials/M_Rock_Sandstone.uasset" 495
"../../../../../ttc2021-2022/2022/UE4NetworkGameProject/Content/StarterContent/Textures/T_Rock_Marble_Polished_D.uasset" 496
"../../../../../ttc2021-2022/2022/UE4NetworkGameProject/Content/StarterContent/Materials/M_Rock_Marble_Polished.uasset" 497
"../../../../../ttc2021-2022/2022/UE4NetworkGameProject/Content/StarterContent/Textures/T_Rock_Basalt_N.uasset" 498
"../../../../../ttc2021-2022/2022/UE4NetworkGameProject/Content/StarterContent/Materials/M_Rock_Basalt.uasset" 499
"../../../../../ttc2021-2022/2022/UE4NetworkGameProject/Content/StarterContent/Textures/T_Metal_Steel_N.uasset" 500
"../../../../../ttc2021-2022/2022/UE4NetworkGameProject/Content/StarterContent/Materials/M_Metal_Steel.uasset" 501
"../../../../../ttc2021-2022/2022/UE4NetworkGameProject/Content/StarterContent/Textures/T_Metal_Rust_D.uasset" 502
"../../../../../ttc2021-2022/2022/UE4NetworkGameProject/Content/StarterContent/Textures/T_Metal_Rust_N.uasset" 503
"../../../../../ttc2021-2022/2022/UE4NetworkGameProject/Content/StarterContent/Materials/M_Metal_Rust.uasset" 504
"../../../../../ttc2021-2022/2022/UE4NetworkGameProject/Content/StarterContent/Textures/T_Metal_Gold_D.uasset" 505
"../../../../../ttc2021-2022/2022/UE4NetworkGameProject/Content/StarterContent/Materials/M_Metal_Gold.uasset" 506
"../../../../../ttc2021-2022/2022/UE4NetworkGameProject/Content/StarterContent/Materials/M_Metal_Chrome.uasset" 507
"../../../../../ttc2021-2022/2022/UE4NetworkGameProject/Content/StarterContent/Textures/T_Ground_Moss_N.uasset" 508
"../../../../../ttc2021-2022/2022/UE4NetworkGameProject/Content/StarterContent/Textures/T_ground_Moss_D.uasset" 509
"../../../../../ttc2021-2022/2022/UE4NetworkGameProject/Content/StarterContent/Materials/M_Ground_Moss.uasset" 510
"../../../../../ttc2021-2022/2022/UE4NetworkGameProject/Content/StarterContent/Textures/T_Ground_Gravel_N.uasset" 511
"../../../../../ttc2021-2022/2022/UE4NetworkGameProject/Content/StarterContent/Textures/T_Ground_Gravel_D.uasset" 512
"../../../../../ttc2021-2022/2022/UE4NetworkGameProject/Content/StarterContent/Materials/M_Ground_Gravel.uasset" 513
"../../../../../ttc2021-2022/2022/UE4NetworkGameProject/Content/StarterContent/Textures/T_Ground_Grass_N.uasset" 514
"../../../../../ttc2021-2022/2022/UE4NetworkGameProject/Content/StarterContent/Textures/T_Ground_Grass_D.uasset" 515
"../../../../../ttc2021-2022/2022/UE4NetworkGameProject/Content/StarterContent/Materials/M_Ground_Grass.uasset" 516
"../../../../../ttc2021-2022/2022/UE4NetworkGameProject/Content/StarterContent/Textures/T_Concrete_Tiles_Variation_M.uasset" 517
"../../../../../ttc2021-2022/2022/UE4NetworkGameProject/Content/StarterContent/Textures/T_Concrete_Tiles_N.uasset" 518
"../../../../../ttc2021-2022/2022/UE4NetworkGameProject/Content/StarterContent/Textures/T_Concrete_Tiles_M.uasset" 519
"../../../../../ttc2021-2022/2022/UE4NetworkGameProject/Content/StarterContent/Textures/T_Concrete_Tiles_D.uasset" 520
"../../../../../ttc2021-2022/2022/UE4NetworkGameProject/Content/StarterContent/Materials/M_Concrete_Tiles.uasset" 521
"../../../../../ttc2021-2022/2022/UE4NetworkGameProject/Content/StarterContent/Textures/T_Concrete_Panels_N.uasset" 522
"../../../../../ttc2021-2022/2022/UE4NetworkGameProject/Content/StarterContent/Textures/T_Concrete_Panels_D.uasset" 523
"../../../../../ttc2021-2022/2022/UE4NetworkGameProject/Content/StarterContent/Materials/M_Concrete_Panels.uasset" 524
"../../../../../ttc2021-2022/2022/UE4NetworkGameProject/Content/StarterContent/Textures/T_Concrete_Grime_D.uasset" 525
"../../../../../ttc2021-2022/2022/UE4NetworkGameProject/Content/StarterContent/Materials/M_Concrete_Grime.uasset" 526
"../../../../../ttc2021-2022/2022/UE4NetworkGameProject/Content/StarterContent/Textures/T_CobbleStone_Smooth_N.uasset" 527
"../../../../../ttc2021-2022/2022/UE4NetworkGameProject/Content/StarterContent/Textures/T_CobbleStone_Smooth_M.uasset" 528
"../../../../../ttc2021-2022/2022/UE4NetworkGameProject/Content/StarterContent/Textures/T_CobbleStone_Smooth_D.uasset" 529
"../../../../../ttc2021-2022/2022/UE4NetworkGameProject/Content/StarterContent/Textures/T_Rock_Smooth_Granite_D.uasset" 530
"../../../../../ttc2021-2022/2022/UE4NetworkGameProject/Content/StarterContent/Textures/T_Gradinet_01.uasset" 531
"../../../../../ttc2021-2022/2022/UE4NetworkGameProject/Content/StarterContent/Materials/M_CobbleStone_Smooth.uasset" 532
"../../../../../ttc2021-2022/2022/UE4NetworkGameProject/Content/StarterContent/Textures/T_CobbleStone_Rough_N.uasset" 533
"../../../../../ttc2021-2022/2022/UE4NetworkGameProject/Content/StarterContent/Textures/T_CobbleStone_Rough_D.uasset" 534
"../../../../../ttc2021-2022/2022/UE4NetworkGameProject/Content/StarterContent/Materials/M_CobbleStone_Rough.uasset" 535
"../../../../../ttc2021-2022/2022/UE4NetworkGameProject/Content/StarterContent/Textures/T_CobbleStone_Pebble_N.uasset" 536
"../../../../../ttc2021-2022/2022/UE4NetworkGameProject/Content/StarterContent/Textures/T_CobbleStone_Pebble_M.uasset" 537
"../../../../../ttc2021-2022/2022/UE4NetworkGameProject/Content/StarterContent/Textures/T_CobbleStone_Pebble_D.uasset" 538
"../../../../../ttc2021-2022/2022/UE4NetworkGameProject/Content/StarterContent/Materials/M_CobbleStone_Pebble.uasset" 539
"../../../../../ttc2021-2022/2022/UE4NetworkGameProject/Content/StarterContent/Textures/T_Ceramic_Tile_N.uasset" 540
"../../../../../ttc2021-2022/2022/UE4NetworkGameProject/Content/StarterContent/Textures/T_Ceramic_Tile_M.uasset" 541
"../../../../../ttc2021-2022/2022/UE4NetworkGameProject/Content/StarterContent/Materials/M_Ceramic_Tile_Checker.uasset" 542
"../../../../../ttc2021-2022/2022/UE4NetworkGameProject/Content/StarterContent/Textures/T_Brick_Hewn_Stone_N.uasset" 543
"../../../../../ttc2021-2022/2022/UE4NetworkGameProject/Content/StarterContent/Textures/T_Brick_Hewn_Stone_M.uasset" 544
"../../../../../ttc2021-2022/2022/UE4NetworkGameProject/Content/StarterContent/Textures/T_Brick_Hewn_Stone_D.uasset" 545
"../../../../../ttc2021-2022/2022/UE4NetworkGameProject/Content/StarterContent/Materials/M_Brick_Hewn_Stone.uasset" 546
"../../../../../ttc2021-2022/2022/UE4NetworkGameProject/Content/StarterContent/Textures/T_Brick_Cut_Stone_N.uasset" 547
"../../../../../ttc2021-2022/2022/UE4NetworkGameProject/Content/StarterContent/Textures/T_Brick_Cut_Stone_D.uasset" 548
"../../../../../ttc2021-2022/2022/UE4NetworkGameProject/Content/StarterContent/Materials/M_Brick_Cut_Stone.uasset" 549
"../../../../../ttc2021-2022/2022/UE4NetworkGameProject/Content/StarterContent/Textures/T_Brick_Clay_Old_N.uasset" 550
"../../../../../ttc2021-2022/2022/UE4NetworkGameProject/Content/StarterContent/Textures/T_Brick_Clay_Old_D.uasset" 551
"../../../../../ttc2021-2022/2022/UE4NetworkGameProject/Content/StarterContent/Materials/M_Brick_Clay_Old.uasset" 552
"../../../../../ttc2021-2022/2022/UE4NetworkGameProject/Content/StarterContent/Textures/T_Brick_Clay_New_N.uasset" 553
"../../../../../ttc2021-2022/2022/UE4NetworkGameProject/Content/StarterContent/Textures/T_Brick_Clay_New_M.uasset" 554
"../../../../../ttc2021-2022/2022/UE4NetworkGameProject/Content/StarterContent/Textures/T_Brick_Clay_New_D.uasset" 555
"../../../../../ttc2021-2022/2022/UE4NetworkGameProject/Content/StarterContent/Materials/M_Brick_Clay_New.uasset" 556
"../../../../../ttc2021-2022/2022/UE4NetworkGameProject/Content/StarterContent/Textures/T_Brick_Clay_Beveled_N.uasset" 557
"../../../../../ttc2021-2022/2022/UE4NetworkGameProject/Content/StarterContent/Textures/T_Brick_Clay_Beveled_M.uasset" 558
"../../../../../ttc2021-2022/2022/UE4NetworkGameProject/Content/StarterContent/Materials/M_Brick_Clay_Beveled.uasset" 559
"../../../Engine/Content/Functions/Engine_MaterialFunctions03/Procedurals/ComputeFilterWidth.uasset" 560
"../../../Engine/Content/EngineMaterials/AntiAliasedTextMaterialTranslucent.uasset" 561
"../../../../../ttc2021-2022/2022/UE4NetworkGameProject/Content/StarterContent/Maps/StarterMap_BuiltData.uasset" 562
"../../../../../ttc2021-2022/2022/UE4NetworkGameProject/Content/StarterContent/Textures/T_Concrete_Poured_N.uasset" 563
"../../../../../ttc2021-2022/2022/UE4NetworkGameProject/Content/StarterContent/Textures/T_Concrete_Poured_D.uasset" 564
"../../../../../ttc2021-2022/2022/UE4NetworkGameProject/Content/StarterContent/Materials/M_Concrete_Poured.uasset" 565
"../../../../../ttc2021-2022/2022/UE4NetworkGameProject/Content/StarterContent/Maps/StarterMap.umap" 566
"../../../../../ttc2021-2022/2022/UE4NetworkGameProject/Content/ThirdPersonBP/Maps/ThirdPersonExampleMap_BuiltData.uasset" 567
"../../../../../ttc2021-2022/2022/UE4NetworkGameProject/Content/ThirdPersonBP/Maps/ThirdPersonExampleMap.umap" 568
